<?xml version="1.0" encoding="UTF-8"?>
<testsuite xmlns:xsi="http://www.w3.org/2001/XMLSchema-instance" xsi:noNamespaceSchemaLocation="https://maven.apache.org/surefire/maven-surefire-plugin/xsd/surefire-test-report.xsd" name="org.squashtest.tm.plugin.custom.report.segur.ExcelRowTest" time="0.001" tests="2" errors="0" skipped="0" failures="0">
  <properties>
[...]
</properties>
  <testcase name="testSortWithOutTestReference" classname="org.squashtest.tm.plugin.custom.report.segur.ExcelRowTest" time="0"/>
  <testcase name="testSortWithTestReference" classname="org.squashtest.tm.plugin.custom.report.segur.ExcelRowTest" time="0"/>
</testsuite>